<?xml version="1.0" encoding="UTF-8"?>
<!-- Generated by org.testng.reporters.JUnitReportReporter -->
<testsuite hostname="LAPTOP-CED8IJSV" failures="0" tests="1" name="org.tyss.flipkart_webapplication_assingment.AddToCart" time="20.791" errors="0" timestamp="2022-09-20T14:15:12 IST" skipped="0">
  <testcase classname="org.tyss.flipkart_webapplication_assingment.AddToCart" name="addToCart" time="20.791"/>
  <system-out/>
</testsuite> <!-- org.tyss.flipkart_webapplication_assingment.AddToCart -->
